This file contains any messages produced by compilers while
running configure, to aid debugging if configure makes a mistake.

It was created by configure, which was
generated by GNU Autoconf 2.69.  Invocation command line was

  $ ./configure --with-mictype=alsa

## --------- ##
## Platform. ##
## --------- ##

hostname = raspberrypi
uname -m = armv7l
uname -r = 4.19.75-v7+
uname -s = Linux
uname -v = #1270 SMP Tue Sep 24 18:45:11 BST 2019

/usr/bin/uname -p = unknown
/bin/uname -X     = unknown

/bin/arch              = unknown
/usr/bin/arch -k       = unknown
/usr/convex/getsysinfo = unknown
/usr/bin/hostinfo      = unknown
/bin/machine           = unknown
/usr/bin/oslevel       = unknown
/bin/universe          = unknown

PATH: /usr/local/sbin
PATH: /usr/local/bin
PATH: /usr/sbin
PATH: /usr/bin
PATH: /sbin
PATH: /bin
PATH: /usr/local/games
PATH: /usr/games


## ----------- ##
## Core tests. ##
## ----------- ##

configure:1818: checking build system type
configure:1832: result: armv7l-unknown-linux-gnueabi
configure:1852: checking host system type
configure:1865: result: armv7l-unknown-linux-gnueabi
configure:1886: checking host specific optimization flag
configure:1895: result: no
configure:1951: checking for gcc
configure:1967: found /usr/bin/gcc
configure:1978: result: gcc
configure:2207: checking for C compiler version
configure:2216: gcc --version >&5
gcc (Raspbian 8.3.0-6+rpi1) 8.3.0
Copyright (C) 2018 Free Software Foundation, Inc.
This is free software; see the source for copying conditions.  There is NO
warranty; not even for MERCHANTABILITY or FITNESS FOR A PARTICULAR PURPOSE.

configure:2227: $? = 0
configure:2216: gcc -v >&5
Using built-in specs.
COLLECT_GCC=gcc
COLLECT_LTO_WRAPPER=/usr/lib/gcc/arm-linux-gnueabihf/8/lto-wrapper
Target: arm-linux-gnueabihf
Configured with: ../src/configure -v --with-pkgversion='Raspbian 8.3.0-6+rpi1' --with-bugurl=file:///usr/share/doc/gcc-8/README.Bugs --enable-languages=c,ada,c++,go,d,fortran,objc,obj-c++ --prefix=/usr --with-gcc-major-version-only --program-suffix=-8 --program-prefix=arm-linux-gnueabihf- --enable-shared --enable-linker-build-id --libexecdir=/usr/lib --without-included-gettext --enable-threads=posix --libdir=/usr/lib --enable-nls --enable-bootstrap --enable-clocale=gnu --enable-libstdcxx-debug --enable-libstdcxx-time=yes --with-default-libstdcxx-abi=new --enable-gnu-unique-object --disable-libitm --disable-libquadmath --disable-libquadmath-support --enable-plugin --with-system-zlib --with-target-system-zlib --enable-objc-gc=auto --enable-multiarch --disable-sjlj-exceptions --with-arch=armv6 --with-fpu=vfp --with-float=hard --disable-werror --enable-checking=release --build=arm-linux-gnueabihf --host=arm-linux-gnueabihf --target=arm-linux-gnueabihf
Thread model: posix
gcc version 8.3.0 (Raspbian 8.3.0-6+rpi1) 
configure:2227: $? = 0
configure:2216: gcc -V >&5
gcc: error: unrecognized command line option '-V'
gcc: fatal error: no input files
compilation terminated.
configure:2227: $? = 1
configure:2216: gcc -qversion >&5
gcc: error: unrecognized command line option '-qversion'; did you mean '--version'?
gcc: fatal error: no input files
compilation terminated.
configure:2227: $? = 1
configure:2247: checking whether the C compiler works
configure:2269: gcc    conftest.c  >&5
configure:2273: $? = 0
configure:2321: result: yes
configure:2324: checking for C compiler default output file name
configure:2326: result: a.out
configure:2332: checking for suffix of executables
configure:2339: gcc -o conftest    conftest.c  >&5
configure:2343: $? = 0
configure:2365: result: 
configure:2387: checking whether we are cross compiling
configure:2395: gcc -o conftest    conftest.c  >&5
configure:2399: $? = 0
configure:2406: ./conftest
configure:2410: $? = 0
configure:2398: result: no
configure:2403: checking for suffix of object files
configure:2425: gcc -c   conftest.c >&5
configure:2429: $? = 0
configure:2450: result: o
configure:2454: checking whether we are using the GNU C compiler
configure:2473: gcc -c   conftest.c >&5
configure:2473: $? = 0
configure:2482: result: yes
configure:2491: checking whether gcc accepts -g
configure:2511: gcc -c -g  conftest.c >&5
configure:2511: $? = 0
configure:2552: result: yes
configure:2569: checking for gcc option to accept ISO C89
configure:2632: gcc  -c -g -O2  conftest.c >&5
configure:2632: $? = 0
configure:2645: result: none needed
configure:2670: checking how to run the C preprocessor
configure:2701: gcc -E  conftest.c
configure:2701: $? = 0
configure:2715: gcc -E  conftest.c
conftest.c:9:10: fatal error: ac_nonexistent.h: No such file or directory
 #include <ac_nonexistent.h>
          ^~~~~~~~~~~~~~~~~~
compilation terminated.
configure:2715: $? = 1
configure: failed program was:
| /* confdefs.h */
| #define PACKAGE_NAME ""
| #define PACKAGE_TARNAME ""
| #define PACKAGE_VERSION ""
| #define PACKAGE_STRING ""
| #define PACKAGE_BUGREPORT ""
| #define PACKAGE_URL ""
| /* end confdefs.h.  */
| #include <ac_nonexistent.h>
configure:2740: result: gcc -E
configure:2760: gcc -E  conftest.c
configure:2760: $? = 0
configure:2774: gcc -E  conftest.c
conftest.c:9:10: fatal error: ac_nonexistent.h: No such file or directory
 #include <ac_nonexistent.h>
          ^~~~~~~~~~~~~~~~~~
compilation terminated.
configure:2774: $? = 1
configure: failed program was:
| /* confdefs.h */
| #define PACKAGE_NAME ""
| #define PACKAGE_TARNAME ""
| #define PACKAGE_VERSION ""
| #define PACKAGE_STRING ""
| #define PACKAGE_BUGREPORT ""
| #define PACKAGE_URL ""
| /* end confdefs.h.  */
| #include <ac_nonexistent.h>
configure:2816: checking for a BSD-compatible install
configure:2884: result: /usr/bin/install -c
configure:2897: checking for rm
configure:2915: found /bin/rm
configure:2927: result: /bin/rm
configure:3081: creating ./config.status

## ---------------------- ##
## Running config.status. ##
## ---------------------- ##

This file was extended by config.status, which was
generated by GNU Autoconf 2.69.  Invocation command line was

  CONFIG_FILES    = 
  CONFIG_HEADERS  = 
  CONFIG_LINKS    = 
  CONFIG_COMMANDS = 
  $ ./config.status 

on raspberrypi

config.status:736: creating Makefile
config.status:736: creating mkbinhmm/Makefile
config.status:736: creating adinrec/Makefile
config.status:736: creating mkss/Makefile
config.status:736: creating generate-ngram/Makefile
config.status:736: creating jclient-perl/Makefile
config.status:736: creating binlm2arpa/Makefile
config.status:736: creating man/Makefile
config.status:839: WARNING:  'man/Makefile.in' seems to ignore the --datarootdir setting
configure:4165: === configuring in adintool (/home/pi/julius/julius-4.4.2.1/adintool)
configure:4228: running /bin/bash ./configure --disable-option-checking '--prefix=/usr/local'  '--with-mictype=alsa' --cache-file=/dev/null --srcdir=.
configure:4165: === configuring in mkgshmm (/home/pi/julius/julius-4.4.2.1/mkgshmm)
configure:4228: running /bin/bash ./configure --disable-option-checking '--prefix=/usr/local'  '--with-mictype=alsa' --cache-file=/dev/null --srcdir=.
configure:4165: === configuring in gramtools (/home/pi/julius/julius-4.4.2.1/gramtools)
configure:4228: running /bin/bash ./configure --disable-option-checking '--prefix=/usr/local'  '--with-mictype=alsa' --cache-file=/dev/null --srcdir=.
configure:4165: === configuring in jcontrol (/home/pi/julius/julius-4.4.2.1/jcontrol)
configure:4228: running /bin/bash ./configure --disable-option-checking '--prefix=/usr/local'  '--with-mictype=alsa' --cache-file=/dev/null --srcdir=.
configure:4165: === configuring in mkbingram (/home/pi/julius/julius-4.4.2.1/mkbingram)
configure:4228: running /bin/bash ./configure --disable-option-checking '--prefix=/usr/local'  '--with-mictype=alsa' --cache-file=/dev/null --srcdir=.
configure:4165: === configuring in julius (/home/pi/julius/julius-4.4.2.1/julius)
configure:4228: running /bin/bash ./configure --disable-option-checking '--prefix=/usr/local'  '--with-mictype=alsa' --cache-file=/dev/null --srcdir=.
configure:4165: === configuring in libjulius (/home/pi/julius/julius-4.4.2.1/libjulius)
configure:4228: running /bin/bash ./configure --disable-option-checking '--prefix=/usr/local'  '--with-mictype=alsa' --cache-file=/dev/null --srcdir=.
configure:4165: === configuring in libsent (/home/pi/julius/julius-4.4.2.1/libsent)
configure:4228: running /bin/bash ./configure --disable-option-checking '--prefix=/usr/local'  '--with-mictype=alsa' --cache-file=/dev/null --srcdir=.

## ---------------- ##
## Cache variables. ##
## ---------------- ##

ac_cv_build=armv7l-unknown-linux-gnueabi
ac_cv_c_compiler_gnu=yes
ac_cv_env_CC_set=
ac_cv_env_CC_value=
ac_cv_env_CFLAGS_set=
ac_cv_env_CFLAGS_value=
ac_cv_env_CPPFLAGS_set=
ac_cv_env_CPPFLAGS_value=
ac_cv_env_CPP_set=
ac_cv_env_CPP_value=
ac_cv_env_LDFLAGS_set=
ac_cv_env_LDFLAGS_value=
ac_cv_env_LIBS_set=
ac_cv_env_LIBS_value=
ac_cv_env_build_alias_set=
ac_cv_env_build_alias_value=
ac_cv_env_host_alias_set=
ac_cv_env_host_alias_value=
ac_cv_env_target_alias_set=
ac_cv_env_target_alias_value=
ac_cv_host=armv7l-unknown-linux-gnueabi
ac_cv_objext=o
ac_cv_path_RM=/bin/rm
ac_cv_path_install='/usr/bin/install -c'
ac_cv_prog_CPP='gcc -E'
ac_cv_prog_ac_ct_CC=gcc
ac_cv_prog_cc_c89=
ac_cv_prog_cc_g=yes

## ----------------- ##
## Output variables. ##
## ----------------- ##

CC='gcc'
CFLAGS='-g -O2'
CPP='gcc -E'
CPPFLAGS=''
DEFS='-DPACKAGE_NAME=\"\" -DPACKAGE_TARNAME=\"\" -DPACKAGE_VERSION=\"\" -DPACKAGE_STRING=\"\" -DPACKAGE_BUGREPORT=\"\" -DPACKAGE_URL=\"\"'
ECHO_C=''
ECHO_N='-n'
ECHO_T=''
EXEEXT=''
INSTALL_DATA='${INSTALL} -m 644'
INSTALL_PROGRAM='${INSTALL}'
INSTALL_SCRIPT='${INSTALL}'
LDFLAGS=''
LIBOBJS=''
LIBS=''
LTLIBOBJS=''
OBJEXT='o'
PACKAGE_BUGREPORT=''
PACKAGE_NAME=''
PACKAGE_STRING=''
PACKAGE_TARNAME=''
PACKAGE_URL=''
PACKAGE_VERSION=''
PATH_SEPARATOR=':'
RM='/bin/rm'
SHELL='/bin/bash'
ac_ct_CC='gcc'
bindir='${exec_prefix}/bin'
build='armv7l-unknown-linux-gnueabi'
build_alias=''
build_cpu='armv7l'
build_os='linux-gnueabi'
build_vendor='unknown'
datadir='${datarootdir}'
datarootdir='${prefix}/share'
docdir='${datarootdir}/doc/${PACKAGE}'
dvidir='${docdir}'
exec_prefix='${prefix}'
host='armv7l-unknown-linux-gnueabi'
host_alias=''
host_cpu='armv7l'
host_os='linux-gnueabi'
host_vendor='unknown'
htmldir='${docdir}'
includedir='${prefix}/include'
infodir='${datarootdir}/info'
libdir='${exec_prefix}/lib'
libexecdir='${exec_prefix}/libexec'
localedir='${datarootdir}/locale'
localstatedir='${prefix}/var'
mandir='${datarootdir}/man'
oldincludedir='/usr/include'
pdfdir='${docdir}'
prefix='/usr/local'
program_transform_name='s,x,x,'
psdir='${docdir}'
sbindir='${exec_prefix}/sbin'
sharedstatedir='${prefix}/com'
subdirs=' adintool mkgshmm gramtools jcontrol mkbingram julius libjulius libsent'
sysconfdir='${prefix}/etc'
target_alias=''

## ----------- ##
## confdefs.h. ##
## ----------- ##

/* confdefs.h */
#define PACKAGE_NAME ""
#define PACKAGE_TARNAME ""
#define PACKAGE_VERSION ""
#define PACKAGE_STRING ""
#define PACKAGE_BUGREPORT ""
#define PACKAGE_URL ""

configure: exit 0
