This file contains any messages produced by compilers while
running configure, to aid debugging if configure makes a mistake.

It was created by configure, which was
generated by GNU Autoconf 2.69.  Invocation command line was

  $ ./configure --disable-option-checking --prefix=/usr/local --with-mictype=alsa --cache-file=/dev/null --srcdir=.

## --------- ##
## Platform. ##
## --------- ##

hostname = raspberrypi
uname -m = armv7l
uname -r = 4.19.75-v7+
uname -s = Linux
uname -v = #1270 SMP Tue Sep 24 18:45:11 BST 2019

/usr/bin/uname -p = unknown
/bin/uname -X     = unknown

/bin/arch              = unknown
/usr/bin/arch -k       = unknown
/usr/convex/getsysinfo = unknown
/usr/bin/hostinfo      = unknown
/bin/machine           = unknown
/usr/bin/oslevel       = unknown
/bin/universe          = unknown

PATH: /usr/local/sbin
PATH: /usr/local/bin
PATH: /usr/sbin
PATH: /usr/bin
PATH: /sbin
PATH: /bin
PATH: /usr/local/games
PATH: /usr/games


## ----------- ##
## Core tests. ##
## ----------- ##

configure:2328: checking build system type
configure:2342: result: armv7l-unknown-linux-gnueabi
configure:2362: checking host system type
configure:2375: result: armv7l-unknown-linux-gnueabi
configure:2396: checking host-specific optimization flag
configure:2405: result: no
configure:2461: checking for gcc
configure:2477: found /usr/bin/gcc
configure:2488: result: gcc
configure:2717: checking for C compiler version
configure:2726: gcc --version >&5
gcc (Raspbian 8.3.0-6+rpi1) 8.3.0
Copyright (C) 2018 Free Software Foundation, Inc.
This is free software; see the source for copying conditions.  There is NO
warranty; not even for MERCHANTABILITY or FITNESS FOR A PARTICULAR PURPOSE.

configure:2737: $? = 0
configure:2726: gcc -v >&5
Using built-in specs.
COLLECT_GCC=gcc
COLLECT_LTO_WRAPPER=/usr/lib/gcc/arm-linux-gnueabihf/8/lto-wrapper
Target: arm-linux-gnueabihf
Configured with: ../src/configure -v --with-pkgversion='Raspbian 8.3.0-6+rpi1' --with-bugurl=file:///usr/share/doc/gcc-8/README.Bugs --enable-languages=c,ada,c++,go,d,fortran,objc,obj-c++ --prefix=/usr --with-gcc-major-version-only --program-suffix=-8 --program-prefix=arm-linux-gnueabihf- --enable-shared --enable-linker-build-id --libexecdir=/usr/lib --without-included-gettext --enable-threads=posix --libdir=/usr/lib --enable-nls --enable-bootstrap --enable-clocale=gnu --enable-libstdcxx-debug --enable-libstdcxx-time=yes --with-default-libstdcxx-abi=new --enable-gnu-unique-object --disable-libitm --disable-libquadmath --disable-libquadmath-support --enable-plugin --with-system-zlib --with-target-system-zlib --enable-objc-gc=auto --enable-multiarch --disable-sjlj-exceptions --with-arch=armv6 --with-fpu=vfp --with-float=hard --disable-werror --enable-checking=release --build=arm-linux-gnueabihf --host=arm-linux-gnueabihf --target=arm-linux-gnueabihf
Thread model: posix
gcc version 8.3.0 (Raspbian 8.3.0-6+rpi1) 
configure:2737: $? = 0
configure:2726: gcc -V >&5
gcc: error: unrecognized command line option '-V'
gcc: fatal error: no input files
compilation terminated.
configure:2737: $? = 1
configure:2726: gcc -qversion >&5
gcc: error: unrecognized command line option '-qversion'; did you mean '--version'?
gcc: fatal error: no input files
compilation terminated.
configure:2737: $? = 1
configure:2757: checking whether the C compiler works
configure:2779: gcc    conftest.c  >&5
configure:2783: $? = 0
configure:2831: result: yes
configure:2834: checking for C compiler default output file name
configure:2836: result: a.out
configure:2842: checking for suffix of executables
configure:2849: gcc -o conftest    conftest.c  >&5
configure:2853: $? = 0
configure:2875: result: 
configure:2897: checking whether we are cross compiling
configure:2905: gcc -o conftest    conftest.c  >&5
configure:2909: $? = 0
configure:2916: ./conftest
configure:2920: $? = 0
configure:2908: result: no
configure:2913: checking for suffix of object files
configure:2935: gcc -c   conftest.c >&5
configure:2939: $? = 0
configure:2960: result: o
configure:2964: checking whether we are using the GNU C compiler
configure:2983: gcc -c   conftest.c >&5
configure:2983: $? = 0
configure:2992: result: yes
configure:3001: checking whether gcc accepts -g
configure:3021: gcc -c -g  conftest.c >&5
configure:3021: $? = 0
configure:3062: result: yes
configure:3079: checking for gcc option to accept ISO C89
configure:3142: gcc  -c -g -O2  conftest.c >&5
configure:3142: $? = 0
configure:3155: result: none needed
configure:3180: checking how to run the C preprocessor
configure:3211: gcc -E  conftest.c
configure:3211: $? = 0
configure:3225: gcc -E  conftest.c
conftest.c:19:10: fatal error: ac_nonexistent.h: No such file or directory
 #include <ac_nonexistent.h>
          ^~~~~~~~~~~~~~~~~~
compilation terminated.
configure:3225: $? = 1
configure: failed program was:
| /* confdefs.h */
| #define PACKAGE_NAME ""
| #define PACKAGE_TARNAME ""
| #define PACKAGE_VERSION ""
| #define PACKAGE_STRING ""
| #define PACKAGE_BUGREPORT ""
| #define PACKAGE_URL ""
| #define SCAN_BEAM 1
| #define LM_FIX_DOUBLE_SCORING 1
| #define ENABLE_PLUGIN 1
| #define CONFIDENCE_MEASURE 1
| #define GRAPHOUT_DYNAMIC 1
| #define GRAPHOUT_SEARCH 1
| #define UNIGRAM_FACTORING 1
| #define PASS1_IWCD 1
| #define LOWMEM2 1
| #define GPRUNE_DEFAULT_BEAM 1
| /* end confdefs.h.  */
| #include <ac_nonexistent.h>
configure:3250: result: gcc -E
configure:3270: gcc -E  conftest.c
configure:3270: $? = 0
configure:3284: gcc -E  conftest.c
conftest.c:19:10: fatal error: ac_nonexistent.h: No such file or directory
 #include <ac_nonexistent.h>
          ^~~~~~~~~~~~~~~~~~
compilation terminated.
configure:3284: $? = 1
configure: failed program was:
| /* confdefs.h */
| #define PACKAGE_NAME ""
| #define PACKAGE_TARNAME ""
| #define PACKAGE_VERSION ""
| #define PACKAGE_STRING ""
| #define PACKAGE_BUGREPORT ""
| #define PACKAGE_URL ""
| #define SCAN_BEAM 1
| #define LM_FIX_DOUBLE_SCORING 1
| #define ENABLE_PLUGIN 1
| #define CONFIDENCE_MEASURE 1
| #define GRAPHOUT_DYNAMIC 1
| #define GRAPHOUT_SEARCH 1
| #define UNIGRAM_FACTORING 1
| #define PASS1_IWCD 1
| #define LOWMEM2 1
| #define GPRUNE_DEFAULT_BEAM 1
| /* end confdefs.h.  */
| #include <ac_nonexistent.h>
configure:3327: checking for a BSD-compatible install
configure:3395: result: /usr/bin/install -c
configure:3408: checking for rm
configure:3426: found /bin/rm
configure:3438: result: /bin/rm
configure:3448: checking for ar
configure:3466: found /usr/bin/ar
configure:3478: result: /usr/bin/ar
configure:3529: checking for ranlib
configure:3545: found /usr/bin/ranlib
configure:3556: result: ranlib
configure:3583: checking for grep that handles long lines and -e
configure:3641: result: /bin/grep
configure:3646: checking for egrep
configure:3708: result: /bin/grep -E
configure:3713: checking for ANSI C header files
configure:3733: gcc -c -g -O2  conftest.c >&5
configure:3733: $? = 0
configure:3806: gcc -o conftest -g -O2   conftest.c  >&5
configure:3806: $? = 0
configure:3806: ./conftest
configure:3806: $? = 0
configure:3817: result: yes
configure:3826: checking for an ANSI C-conforming const
configure:3892: gcc -c -g -O2  conftest.c >&5
configure:3892: $? = 0
configure:3899: result: yes
configure:3908: checking return type of signal handlers
configure:3926: gcc -c -g -O2  conftest.c >&5
conftest.c: In function 'main':
conftest.c:26:10: error: void value not ignored as it ought to be
 return *(signal (0, 0)) (0) == 1;
         ~^~~~~~~~~~~~~~~~~~
configure:3926: $? = 1
configure: failed program was:
| /* confdefs.h */
| #define PACKAGE_NAME ""
| #define PACKAGE_TARNAME ""
| #define PACKAGE_VERSION ""
| #define PACKAGE_STRING ""
| #define PACKAGE_BUGREPORT ""
| #define PACKAGE_URL ""
| #define SCAN_BEAM 1
| #define LM_FIX_DOUBLE_SCORING 1
| #define ENABLE_PLUGIN 1
| #define CONFIDENCE_MEASURE 1
| #define GRAPHOUT_DYNAMIC 1
| #define GRAPHOUT_SEARCH 1
| #define UNIGRAM_FACTORING 1
| #define PASS1_IWCD 1
| #define LOWMEM2 1
| #define GPRUNE_DEFAULT_BEAM 1
| #define STDC_HEADERS 1
| /* end confdefs.h.  */
| #include <sys/types.h>
| #include <signal.h>
| 
| int
| main ()
| {
| return *(signal (0, 0)) (0) == 1;
|   ;
|   return 0;
| }
configure:3933: result: void
configure:3941: checking for dlopen
configure:3941: result: no
configure:3945: checking for dlopen in -ldl
configure:4016: gcc -o conftest -g -O2   conftest.c -ldl   >&5
configure:4016: $? = 0
configure:4025: result: yes
configure:4075: checking for POSIX thread library in -lpthread
configure:4090: gcc -o conftest -g -O2   conftest.c -ldl  -lpthread >&5
conftest.c: In function 'main':
conftest.c:26:15: warning: passing argument 1 of 'pthread_equal' makes integer from pointer without a cast [-Wint-conversion]
 pthread_equal(NULL,NULL);
               ^~~~
In file included from /usr/include/features.h:424,
                 from /usr/include/pthread.h:21,
                 from conftest.c:22:
/usr/include/pthread.h:1154:1: note: expected 'pthread_t' {aka 'long unsigned int'} but argument is of type 'void *'
 __NTH (pthread_equal (pthread_t __thread1, pthread_t __thread2))
 ^~~~~
conftest.c:26:20: warning: passing argument 2 of 'pthread_equal' makes integer from pointer without a cast [-Wint-conversion]
 pthread_equal(NULL,NULL);
                    ^~~~
In file included from /usr/include/features.h:424,
                 from /usr/include/pthread.h:21,
                 from conftest.c:22:
/usr/include/pthread.h:1154:1: note: expected 'pthread_t' {aka 'long unsigned int'} but argument is of type 'void *'
 __NTH (pthread_equal (pthread_t __thread1, pthread_t __thread2))
 ^~~~~
configure:4090: $? = 0
configure:4102: result: "yes"
configure:4245: creating ./config.status

## ---------------------- ##
## Running config.status. ##
## ---------------------- ##

This file was extended by config.status, which was
generated by GNU Autoconf 2.69.  Invocation command line was

  CONFIG_FILES    = 
  CONFIG_HEADERS  = 
  CONFIG_LINKS    = 
  CONFIG_COMMANDS = 
  $ ./config.status 

on raspberrypi

config.status:838: creating Makefile
config.status:838: creating libjulius-config
config.status:838: creating libjulius-config-dist
config.status:838: creating julius-4.pc
config.status:838: creating doxygen.conf.ver
config.status:838: creating include/julius/config.h
config.status:1013: include/julius/config.h is unchanged
config.status:1027: executing default-1 commands

## ---------------- ##
## Cache variables. ##
## ---------------- ##

ac_cv_build=armv7l-unknown-linux-gnueabi
ac_cv_c_compiler_gnu=yes
ac_cv_c_const=yes
ac_cv_env_CC_set=
ac_cv_env_CC_value=
ac_cv_env_CFLAGS_set=
ac_cv_env_CFLAGS_value=
ac_cv_env_CPPFLAGS_set=
ac_cv_env_CPPFLAGS_value=
ac_cv_env_CPP_set=
ac_cv_env_CPP_value=
ac_cv_env_LDFLAGS_set=
ac_cv_env_LDFLAGS_value=
ac_cv_env_LIBS_set=
ac_cv_env_LIBS_value=
ac_cv_env_build_alias_set=
ac_cv_env_build_alias_value=
ac_cv_env_host_alias_set=
ac_cv_env_host_alias_value=
ac_cv_env_target_alias_set=
ac_cv_env_target_alias_value=
ac_cv_func_dlopen=no
ac_cv_header_stdc=yes
ac_cv_host=armv7l-unknown-linux-gnueabi
ac_cv_lib_dl_dlopen=yes
ac_cv_objext=o
ac_cv_path_AR=/usr/bin/ar
ac_cv_path_EGREP='/bin/grep -E'
ac_cv_path_GREP=/bin/grep
ac_cv_path_RM=/bin/rm
ac_cv_path_install='/usr/bin/install -c'
ac_cv_prog_CPP='gcc -E'
ac_cv_prog_ac_ct_CC=gcc
ac_cv_prog_ac_ct_RANLIB=ranlib
ac_cv_prog_cc_c89=
ac_cv_prog_cc_g=yes
ac_cv_type_signal=void

## ----------------- ##
## Output variables. ##
## ----------------- ##

AR='/usr/bin/ar'
CC='gcc'
CFLAGS='-g -O2'
CPP='gcc -E'
CPPFLAGS=''
DEFS='-DHAVE_CONFIG_H'
ECHO_C=''
ECHO_N='-n'
ECHO_T=''
EGREP='/bin/grep -E'
EXEEXT=''
GREP='/bin/grep'
INSTALL_DATA='${INSTALL} -m 644'
INSTALL_PROGRAM='${INSTALL}'
INSTALL_SCRIPT='${INSTALL}'
JULIUS_MAJOR_VERSION='4'
JULIUS_MINOR_VERSION='4.2.1'
JULIUS_PRODUCTNAME='JuliusLib'
JULIUS_VERSION='4.4.2.1'
LDFLAGS=''
LIBOBJS=''
LIBS='-ldl  -lpthread'
LTLIBOBJS=''
OBJEXT='o'
PACKAGE_BUGREPORT=''
PACKAGE_NAME=''
PACKAGE_STRING=''
PACKAGE_TARNAME=''
PACKAGE_URL=''
PACKAGE_VERSION=''
PATH_SEPARATOR=':'
RANLIB='ranlib'
RM='/bin/rm'
SHELL='/bin/bash'
ac_ct_CC='gcc'
bindir='${exec_prefix}/bin'
build='armv7l-unknown-linux-gnueabi'
build_alias=''
build_cpu='armv7l'
build_os='linux-gnueabi'
build_vendor='unknown'
datadir='${datarootdir}'
datarootdir='${prefix}/share'
docdir='${datarootdir}/doc/${PACKAGE}'
dvidir='${docdir}'
easy_setup='fast'
exec_prefix='${prefix}'
host='armv7l-unknown-linux-gnueabi'
host_alias=''
host_cpu='armv7l'
host_os='linux-gnueabi'
host_vendor='unknown'
htmldir='${docdir}'
includedir='${prefix}/include'
infodir='${datarootdir}/info'
libdir='${exec_prefix}/lib'
libexecdir='${exec_prefix}/libexec'
localedir='${datarootdir}/locale'
localstatedir='${prefix}/var'
mandir='${datarootdir}/man'
oldincludedir='/usr/include'
pdfdir='${docdir}'
prefix='/usr/local'
program_transform_name='s,x,x,'
psdir='${docdir}'
runstatedir='${localstatedir}/run'
sbindir='${exec_prefix}/sbin'
sharedstatedir='${prefix}/com'
sysconfdir='${prefix}/etc'
target_alias=''

## ----------- ##
## confdefs.h. ##
## ----------- ##

/* confdefs.h */
#define PACKAGE_NAME ""
#define PACKAGE_TARNAME ""
#define PACKAGE_VERSION ""
#define PACKAGE_STRING ""
#define PACKAGE_BUGREPORT ""
#define PACKAGE_URL ""
#define SCAN_BEAM 1
#define LM_FIX_DOUBLE_SCORING 1
#define ENABLE_PLUGIN 1
#define CONFIDENCE_MEASURE 1
#define GRAPHOUT_DYNAMIC 1
#define GRAPHOUT_SEARCH 1
#define UNIGRAM_FACTORING 1
#define PASS1_IWCD 1
#define LOWMEM2 1
#define GPRUNE_DEFAULT_BEAM 1
#define STDC_HEADERS 1
#define RETSIGTYPE void
#define HAVE_LIBDL 1
#define HAVE_PTHREAD 1
#define JULIUS_PRODUCTNAME "JuliusLib"
#define JULIUS_VERSION "4.4.2.1"
#define JULIUS_SETUP "fast"
#define JULIUS_HOSTINFO "armv7l-unknown-linux-gnueabi"
#define JULIUS_BUILD_INFO "gcc -g -O2"

configure: exit 0
