This file contains any messages produced by compilers while
running configure, to aid debugging if configure makes a mistake.

It was created by configure, which was
generated by GNU Autoconf 2.69.  Invocation command line was

  $ ./configure --disable-option-checking --prefix=/usr/local --with-mictype=alsa --cache-file=/dev/null --srcdir=.

## --------- ##
## Platform. ##
## --------- ##

hostname = raspberrypi
uname -m = armv7l
uname -r = 4.19.75-v7+
uname -s = Linux
uname -v = #1270 SMP Tue Sep 24 18:45:11 BST 2019

/usr/bin/uname -p = unknown
/bin/uname -X     = unknown

/bin/arch              = unknown
/usr/bin/arch -k       = unknown
/usr/convex/getsysinfo = unknown
/usr/bin/hostinfo      = unknown
/bin/machine           = unknown
/usr/bin/oslevel       = unknown
/bin/universe          = unknown

PATH: /usr/local/sbin
PATH: /usr/local/bin
PATH: /usr/sbin
PATH: /usr/bin
PATH: /sbin
PATH: /bin
PATH: /usr/local/games
PATH: /usr/games


## ----------- ##
## Core tests. ##
## ----------- ##

configure:2294: checking build system type
configure:2308: result: armv7l-unknown-linux-gnueabi
configure:2328: checking host system type
configure:2341: result: armv7l-unknown-linux-gnueabi
configure:2362: checking host specific optimization flag
configure:2371: result: no
configure:2427: checking for gcc
configure:2443: found /usr/bin/gcc
configure:2454: result: gcc
configure:2683: checking for C compiler version
configure:2692: gcc --version >&5
gcc (Raspbian 8.3.0-6+rpi1) 8.3.0
Copyright (C) 2018 Free Software Foundation, Inc.
This is free software; see the source for copying conditions.  There is NO
warranty; not even for MERCHANTABILITY or FITNESS FOR A PARTICULAR PURPOSE.

configure:2703: $? = 0
configure:2692: gcc -v >&5
Using built-in specs.
COLLECT_GCC=gcc
COLLECT_LTO_WRAPPER=/usr/lib/gcc/arm-linux-gnueabihf/8/lto-wrapper
Target: arm-linux-gnueabihf
Configured with: ../src/configure -v --with-pkgversion='Raspbian 8.3.0-6+rpi1' --with-bugurl=file:///usr/share/doc/gcc-8/README.Bugs --enable-languages=c,ada,c++,go,d,fortran,objc,obj-c++ --prefix=/usr --with-gcc-major-version-only --program-suffix=-8 --program-prefix=arm-linux-gnueabihf- --enable-shared --enable-linker-build-id --libexecdir=/usr/lib --without-included-gettext --enable-threads=posix --libdir=/usr/lib --enable-nls --enable-bootstrap --enable-clocale=gnu --enable-libstdcxx-debug --enable-libstdcxx-time=yes --with-default-libstdcxx-abi=new --enable-gnu-unique-object --disable-libitm --disable-libquadmath --disable-libquadmath-support --enable-plugin --with-system-zlib --with-target-system-zlib --enable-objc-gc=auto --enable-multiarch --disable-sjlj-exceptions --with-arch=armv6 --with-fpu=vfp --with-float=hard --disable-werror --enable-checking=release --build=arm-linux-gnueabihf --host=arm-linux-gnueabihf --target=arm-linux-gnueabihf
Thread model: posix
gcc version 8.3.0 (Raspbian 8.3.0-6+rpi1) 
configure:2703: $? = 0
configure:2692: gcc -V >&5
gcc: error: unrecognized command line option '-V'
gcc: fatal error: no input files
compilation terminated.
configure:2703: $? = 1
configure:2692: gcc -qversion >&5
gcc: error: unrecognized command line option '-qversion'; did you mean '--version'?
gcc: fatal error: no input files
compilation terminated.
configure:2703: $? = 1
configure:2723: checking whether the C compiler works
configure:2745: gcc    conftest.c  >&5
configure:2749: $? = 0
configure:2797: result: yes
configure:2800: checking for C compiler default output file name
configure:2802: result: a.out
configure:2808: checking for suffix of executables
configure:2815: gcc -o conftest    conftest.c  >&5
configure:2819: $? = 0
configure:2841: result: 
configure:2863: checking whether we are cross compiling
configure:2871: gcc -o conftest    conftest.c  >&5
configure:2875: $? = 0
configure:2882: ./conftest
configure:2886: $? = 0
configure:2874: result: no
configure:2879: checking for suffix of object files
configure:2901: gcc -c   conftest.c >&5
configure:2905: $? = 0
configure:2926: result: o
configure:2930: checking whether we are using the GNU C compiler
configure:2949: gcc -c   conftest.c >&5
configure:2949: $? = 0
configure:2958: result: yes
configure:2967: checking whether gcc accepts -g
configure:2987: gcc -c -g  conftest.c >&5
configure:2987: $? = 0
configure:3028: result: yes
configure:3045: checking for gcc option to accept ISO C89
configure:3108: gcc  -c -g -O2  conftest.c >&5
configure:3108: $? = 0
configure:3121: result: none needed
configure:3146: checking how to run the C preprocessor
configure:3177: gcc -E  conftest.c
configure:3177: $? = 0
configure:3191: gcc -E  conftest.c
conftest.c:13:10: fatal error: ac_nonexistent.h: No such file or directory
 #include <ac_nonexistent.h>
          ^~~~~~~~~~~~~~~~~~
compilation terminated.
configure:3191: $? = 1
configure: failed program was:
| /* confdefs.h */
| #define PACKAGE_NAME ""
| #define PACKAGE_TARNAME ""
| #define PACKAGE_VERSION ""
| #define PACKAGE_STRING ""
| #define PACKAGE_BUGREPORT ""
| #define PACKAGE_URL ""
| #define USE_ADDLOG_ARRAY 1
| #define CLASS_NGRAM 1
| #define MFCC_SINCOS_TABLE 1
| #define USE_MBR 1
| /* end confdefs.h.  */
| #include <ac_nonexistent.h>
configure:3216: result: gcc -E
configure:3236: gcc -E  conftest.c
configure:3236: $? = 0
configure:3250: gcc -E  conftest.c
conftest.c:13:10: fatal error: ac_nonexistent.h: No such file or directory
 #include <ac_nonexistent.h>
          ^~~~~~~~~~~~~~~~~~
compilation terminated.
configure:3250: $? = 1
configure: failed program was:
| /* confdefs.h */
| #define PACKAGE_NAME ""
| #define PACKAGE_TARNAME ""
| #define PACKAGE_VERSION ""
| #define PACKAGE_STRING ""
| #define PACKAGE_BUGREPORT ""
| #define PACKAGE_URL ""
| #define USE_ADDLOG_ARRAY 1
| #define CLASS_NGRAM 1
| #define MFCC_SINCOS_TABLE 1
| #define USE_MBR 1
| /* end confdefs.h.  */
| #include <ac_nonexistent.h>
configure:3477: checking for NEON SIMDv2 instruction for ARM
configure:3491: gcc -c -g -O2  conftest.c >&5
In file included from conftest.c:13:
conftest.c: In function 'main':
/usr/lib/gcc/arm-linux-gnueabihf/8/include/arm_neon.h:1465:1: error: inlining failed in call to always_inline 'vmlaq_f32': target specific option mismatch
 vmlaq_f32 (float32x4_t __a, float32x4_t __b, float32x4_t __c)
 ^~~~~~~~~
conftest.c:18:37: note: called from here
 float32x4_t v1, v2; float32x4_t x = vmlaq_f32(x, v1, v2);
                                     ^~~~~~~~~~~~~~~~~~~~
configure:3491: $? = 1
configure: failed program was:
| /* confdefs.h */
| #define PACKAGE_NAME ""
| #define PACKAGE_TARNAME ""
| #define PACKAGE_VERSION ""
| #define PACKAGE_STRING ""
| #define PACKAGE_BUGREPORT ""
| #define PACKAGE_URL ""
| #define USE_ADDLOG_ARRAY 1
| #define CLASS_NGRAM 1
| #define MFCC_SINCOS_TABLE 1
| #define USE_MBR 1
| /* end confdefs.h.  */
| #include <arm_neon.h>
| 
| int
| main ()
| {
| float32x4_t v1, v2; float32x4_t x = vmlaq_f32(x, v1, v2);
|   ;
|   return 0;
| }
configure:3497: result: no
configure:3503: checking for NEON SIMDv2 instruction with -mfpu=neon -mfloat-abi=softfp
configure:3519: gcc -c -g -O2 -mfpu=neon -mfloat-abi=softfp  conftest.c >&5
In file included from /usr/include/features.h:448,
                 from /usr/include/arm-linux-gnueabihf/bits/libc-header-start.h:33,
                 from /usr/include/stdint.h:26,
                 from /usr/lib/gcc/arm-linux-gnueabihf/8/include/stdint.h:9,
                 from /usr/lib/gcc/arm-linux-gnueabihf/8/include/arm_fp16.h:34,
                 from /usr/lib/gcc/arm-linux-gnueabihf/8/include/arm_neon.h:41,
                 from conftest.c:13:
/usr/include/arm-linux-gnueabihf/gnu/stubs.h:7:11: fatal error: gnu/stubs-soft.h: No such file or directory
 # include <gnu/stubs-soft.h>
           ^~~~~~~~~~~~~~~~~~
compilation terminated.
configure:3519: $? = 1
configure: failed program was:
| /* confdefs.h */
| #define PACKAGE_NAME ""
| #define PACKAGE_TARNAME ""
| #define PACKAGE_VERSION ""
| #define PACKAGE_STRING ""
| #define PACKAGE_BUGREPORT ""
| #define PACKAGE_URL ""
| #define USE_ADDLOG_ARRAY 1
| #define CLASS_NGRAM 1
| #define MFCC_SINCOS_TABLE 1
| #define USE_MBR 1
| /* end confdefs.h.  */
| #include <arm_neon.h>
| 
| int
| main ()
| {
| float32x4_t v1, v2; float32x4_t x = vmlaq_f32(x, v1, v2);
|   ;
|   return 0;
| }
configure:3525: result: no
configure:3538: checking for NEON SIMD instruction for ARM
configure:3552: gcc -c -g -O2  conftest.c >&5
In file included from conftest.c:13:
conftest.c: In function 'main':
/usr/lib/gcc/arm-linux-gnueabihf/8/include/arm_neon.h:6740:1: error: inlining failed in call to always_inline 'vdupq_n_f32': target specific option mismatch
 vdupq_n_f32 (float32_t __a)
 ^~~~~~~~~~~
conftest.c:18:17: note: called from here
 float32x4_t x = vdupq_n_f32(0);
                 ^~~~~~~~~~~~~~
configure:3552: $? = 1
configure: failed program was:
| /* confdefs.h */
| #define PACKAGE_NAME ""
| #define PACKAGE_TARNAME ""
| #define PACKAGE_VERSION ""
| #define PACKAGE_STRING ""
| #define PACKAGE_BUGREPORT ""
| #define PACKAGE_URL ""
| #define USE_ADDLOG_ARRAY 1
| #define CLASS_NGRAM 1
| #define MFCC_SINCOS_TABLE 1
| #define USE_MBR 1
| /* end confdefs.h.  */
| #include <arm_neon.h>
| 
| int
| main ()
| {
| float32x4_t x = vdupq_n_f32(0);
|   ;
|   return 0;
| }
configure:3558: result: no
configure:3564: checking for NEON SIMD instruction with -mfpu=neon -mfloat-abi=softfp
configure:3580: gcc -c -g -O2 -mfpu=neon -mfloat-abi=softfp  conftest.c >&5
In file included from /usr/include/features.h:448,
                 from /usr/include/arm-linux-gnueabihf/bits/libc-header-start.h:33,
                 from /usr/include/stdint.h:26,
                 from /usr/lib/gcc/arm-linux-gnueabihf/8/include/stdint.h:9,
                 from /usr/lib/gcc/arm-linux-gnueabihf/8/include/arm_fp16.h:34,
                 from /usr/lib/gcc/arm-linux-gnueabihf/8/include/arm_neon.h:41,
                 from conftest.c:13:
/usr/include/arm-linux-gnueabihf/gnu/stubs.h:7:11: fatal error: gnu/stubs-soft.h: No such file or directory
 # include <gnu/stubs-soft.h>
           ^~~~~~~~~~~~~~~~~~
compilation terminated.
configure:3580: $? = 1
configure: failed program was:
| /* confdefs.h */
| #define PACKAGE_NAME ""
| #define PACKAGE_TARNAME ""
| #define PACKAGE_VERSION ""
| #define PACKAGE_STRING ""
| #define PACKAGE_BUGREPORT ""
| #define PACKAGE_URL ""
| #define USE_ADDLOG_ARRAY 1
| #define CLASS_NGRAM 1
| #define MFCC_SINCOS_TABLE 1
| #define USE_MBR 1
| /* end confdefs.h.  */
| #include <arm_neon.h>
| 
| int
| main ()
| {
| float32x4_t x = vdupq_n_f32(0);
|   ;
|   return 0;
| }
configure:3586: result: no
configure:3620: checking for a BSD-compatible install
configure:3688: result: /usr/bin/install -c
configure:3701: checking for rm
configure:3719: found /bin/rm
configure:3731: result: /bin/rm
configure:3741: checking for ar
configure:3759: found /usr/bin/ar
configure:3771: result: /usr/bin/ar
configure:3822: checking for ranlib
configure:3838: found /usr/bin/ranlib
configure:3849: result: ranlib
configure:3880: checking for grep that handles long lines and -e
configure:3938: result: /bin/grep
configure:3943: checking for egrep
configure:4005: result: /bin/grep -E
configure:4010: checking for ANSI C header files
configure:4030: gcc -c -g -O2  conftest.c >&5
configure:4030: $? = 0
configure:4103: gcc -o conftest -g -O2   conftest.c  >&5
configure:4103: $? = 0
configure:4103: ./conftest
configure:4103: $? = 0
configure:4114: result: yes
configure:4127: checking for sys/types.h
configure:4127: gcc -c -g -O2  conftest.c >&5
configure:4127: $? = 0
configure:4127: result: yes
configure:4127: checking for sys/stat.h
configure:4127: gcc -c -g -O2  conftest.c >&5
configure:4127: $? = 0
configure:4127: result: yes
configure:4127: checking for stdlib.h
configure:4127: gcc -c -g -O2  conftest.c >&5
configure:4127: $? = 0
configure:4127: result: yes
configure:4127: checking for string.h
configure:4127: gcc -c -g -O2  conftest.c >&5
configure:4127: $? = 0
configure:4127: result: yes
configure:4127: checking for memory.h
configure:4127: gcc -c -g -O2  conftest.c >&5
configure:4127: $? = 0
configure:4127: result: yes
configure:4127: checking for strings.h
configure:4127: gcc -c -g -O2  conftest.c >&5
configure:4127: $? = 0
configure:4127: result: yes
configure:4127: checking for inttypes.h
configure:4127: gcc -c -g -O2  conftest.c >&5
configure:4127: $? = 0
configure:4127: result: yes
configure:4127: checking for stdint.h
configure:4127: gcc -c -g -O2  conftest.c >&5
configure:4127: $? = 0
configure:4127: result: yes
configure:4127: checking for unistd.h
configure:4127: gcc -c -g -O2  conftest.c >&5
configure:4127: $? = 0
configure:4127: result: yes
configure:4141: checking for unistd.h
configure:4141: result: yes
configure:4152: checking whether byte ordering is bigendian
configure:4167: gcc -c -g -O2  conftest.c >&5
conftest.c:25:9: error: unknown type name 'not'
         not a universal capable compiler
         ^~~
conftest.c:25:15: error: expected '=', ',', ';', 'asm' or '__attribute__' before 'universal'
         not a universal capable compiler
               ^~~~~~~~~
conftest.c:25:15: error: unknown type name 'universal'
configure:4167: $? = 1
configure: failed program was:
| /* confdefs.h */
| #define PACKAGE_NAME ""
| #define PACKAGE_TARNAME ""
| #define PACKAGE_VERSION ""
| #define PACKAGE_STRING ""
| #define PACKAGE_BUGREPORT ""
| #define PACKAGE_URL ""
| #define USE_ADDLOG_ARRAY 1
| #define CLASS_NGRAM 1
| #define MFCC_SINCOS_TABLE 1
| #define USE_MBR 1
| #define STDC_HEADERS 1
| #define HAVE_SYS_TYPES_H 1
| #define HAVE_SYS_STAT_H 1
| #define HAVE_STDLIB_H 1
| #define HAVE_STRING_H 1
| #define HAVE_MEMORY_H 1
| #define HAVE_STRINGS_H 1
| #define HAVE_INTTYPES_H 1
| #define HAVE_STDINT_H 1
| #define HAVE_UNISTD_H 1
| #define HAVE_UNISTD_H 1
| /* end confdefs.h.  */
| #ifndef __APPLE_CC__
| 	       not a universal capable compiler
| 	     #endif
| 	     typedef int dummy;
| 
configure:4212: gcc -c -g -O2  conftest.c >&5
configure:4212: $? = 0
configure:4230: gcc -c -g -O2  conftest.c >&5
conftest.c: In function 'main':
conftest.c:31:4: error: unknown type name 'not'; did you mean 'ino_t'?
    not big endian
    ^~~
    ino_t
conftest.c:31:12: error: expected '=', ',', ';', 'asm' or '__attribute__' before 'endian'
    not big endian
            ^~~~~~
configure:4230: $? = 1
configure: failed program was:
| /* confdefs.h */
| #define PACKAGE_NAME ""
| #define PACKAGE_TARNAME ""
| #define PACKAGE_VERSION ""
| #define PACKAGE_STRING ""
| #define PACKAGE_BUGREPORT ""
| #define PACKAGE_URL ""
| #define USE_ADDLOG_ARRAY 1
| #define CLASS_NGRAM 1
| #define MFCC_SINCOS_TABLE 1
| #define USE_MBR 1
| #define STDC_HEADERS 1
| #define HAVE_SYS_TYPES_H 1
| #define HAVE_SYS_STAT_H 1
| #define HAVE_STDLIB_H 1
| #define HAVE_STRING_H 1
| #define HAVE_MEMORY_H 1
| #define HAVE_STRINGS_H 1
| #define HAVE_INTTYPES_H 1
| #define HAVE_STDINT_H 1
| #define HAVE_UNISTD_H 1
| #define HAVE_UNISTD_H 1
| /* end confdefs.h.  */
| #include <sys/types.h>
| 		#include <sys/param.h>
| 
| int
| main ()
| {
| #if BYTE_ORDER != BIG_ENDIAN
| 		 not big endian
| 		#endif
| 
|   ;
|   return 0;
| }
configure:4358: result: no
configure:4376: checking for an ANSI C-conforming const
configure:4442: gcc -c -g -O2  conftest.c >&5
configure:4442: $? = 0
configure:4449: result: yes
configure:4457: checking for socklen_t
configure:4472: gcc -c -g -O2  conftest.c >&5
configure:4472: $? = 0
configure:4475: result: yes
configure:4483: checking for gethostbyname
configure:4483: result: no
configure:4487: checking for gethostbyname in -lnsl
configure:4558: gcc -o conftest -g -O2   conftest.c -lnsl   >&5
configure:4558: $? = 0
configure:4567: result: yes
configure:4580: checking for connect
configure:4580: gcc -o conftest -g -O2   conftest.c -lnsl  >&5
configure:4580: $? = 0
configure:4580: result: yes
configure:4666: checking for strcasecmp
configure:4666: gcc -o conftest -g -O2   conftest.c -lnsl  >&5
conftest.c:49:6: warning: conflicting types for built-in function 'strcasecmp' [-Wbuiltin-declaration-mismatch]
 char strcasecmp ();
      ^~~~~~~~~~
configure:4666: $? = 0
configure:4666: result: yes
configure:4677: checking for sleep
configure:4677: gcc -o conftest -g -O2   conftest.c -lnsl  >&5
configure:4677: $? = 0
configure:4677: result: yes
configure:4698: checking alsa/asoundlib.h usability
configure:4698: gcc -c -g -O2  conftest.c >&5
configure:4698: $? = 0
configure:4698: result: yes
configure:4698: checking alsa/asoundlib.h presence
configure:4698: gcc -E  conftest.c
configure:4698: $? = 0
configure:4698: result: yes
configure:4698: checking for alsa/asoundlib.h
configure:4698: result: yes
configure:4728: checking sys/soundcard.h usability
configure:4728: gcc -c -g -O2  conftest.c >&5
configure:4728: $? = 0
configure:4728: result: yes
configure:4728: checking sys/soundcard.h presence
configure:4728: gcc -E  conftest.c
configure:4728: $? = 0
configure:4728: result: yes
configure:4728: checking for sys/soundcard.h
configure:4728: result: yes
configure:4761: checking esd.h usability
configure:4761: gcc -c -g -O2  conftest.c >&5
configure:4761: $? = 0
configure:4761: result: yes
configure:4761: checking esd.h presence
configure:4761: gcc -E  conftest.c
configure:4761: $? = 0
configure:4761: result: yes
configure:4761: checking for esd.h
configure:4761: result: yes
configure:4776: checking for pa_simple_new in -lpulse-simple
configure:4801: gcc -o conftest -g -O2   conftest.c -lpulse-simple  -lnsl  >&5
/usr/bin/ld: cannot find -lpulse-simple
collect2: error: ld returned 1 exit status
configure:4801: $? = 1
configure: failed program was:
| /* confdefs.h */
| #define PACKAGE_NAME ""
| #define PACKAGE_TARNAME ""
| #define PACKAGE_VERSION ""
| #define PACKAGE_STRING ""
| #define PACKAGE_BUGREPORT ""
| #define PACKAGE_URL ""
| #define USE_ADDLOG_ARRAY 1
| #define CLASS_NGRAM 1
| #define MFCC_SINCOS_TABLE 1
| #define USE_MBR 1
| #define STDC_HEADERS 1
| #define HAVE_SYS_TYPES_H 1
| #define HAVE_SYS_STAT_H 1
| #define HAVE_STDLIB_H 1
| #define HAVE_STRING_H 1
| #define HAVE_MEMORY_H 1
| #define HAVE_STRINGS_H 1
| #define HAVE_INTTYPES_H 1
| #define HAVE_STDINT_H 1
| #define HAVE_UNISTD_H 1
| #define HAVE_UNISTD_H 1
| #define HAVE_SOCKLEN_T 1
| #define HAVE_LIBNSL 1
| #define HAVE_STRCASECMP 1
| #define HAVE_SLEEP 1
| #define HAVE_ALSA_ASOUNDLIB_H 1
| #define HAVE_SYS_SOUNDCARD_H 1
| #define HAVE_ESD_H 1
| /* end confdefs.h.  */
| 
| /* Override any GCC internal prototype to avoid an error.
|    Use char because int might match the return type of a GCC
|    builtin and then its argument prototype would still apply.  */
| #ifdef __cplusplus
| extern "C"
| #endif
| char pa_simple_new ();
| int
| main ()
| {
| return pa_simple_new ();
|   ;
|   return 0;
| }
configure:4810: result: no
configure:5370: checking for DatLink/NetAudio support
configure:5383: gcc -E  -Iauto/include conftest.c
conftest.c:33:10: fatal error: netaudio.h: No such file or directory
 #include <netaudio.h>
          ^~~~~~~~~~~~
compilation terminated.
configure:5383: $? = 1
configure: failed program was:
| /* confdefs.h */
| #define PACKAGE_NAME ""
| #define PACKAGE_TARNAME ""
| #define PACKAGE_VERSION ""
| #define PACKAGE_STRING ""
| #define PACKAGE_BUGREPORT ""
| #define PACKAGE_URL ""
| #define USE_ADDLOG_ARRAY 1
| #define CLASS_NGRAM 1
| #define MFCC_SINCOS_TABLE 1
| #define USE_MBR 1
| #define STDC_HEADERS 1
| #define HAVE_SYS_TYPES_H 1
| #define HAVE_SYS_STAT_H 1
| #define HAVE_STDLIB_H 1
| #define HAVE_STRING_H 1
| #define HAVE_MEMORY_H 1
| #define HAVE_STRINGS_H 1
| #define HAVE_INTTYPES_H 1
| #define HAVE_STDINT_H 1
| #define HAVE_UNISTD_H 1
| #define HAVE_UNISTD_H 1
| #define HAVE_SOCKLEN_T 1
| #define HAVE_LIBNSL 1
| #define HAVE_STRCASECMP 1
| #define HAVE_SLEEP 1
| #define HAVE_ALSA_ASOUNDLIB_H 1
| #define HAVE_SYS_SOUNDCARD_H 1
| #define HAVE_ESD_H 1
| #define USE_MIC 1
| #define HAS_ALSA 1
| /* end confdefs.h.  */
| #include <netaudio.h>
configure:5393: result: no
configure:5400: checking for deflate in -lz
configure:5425: gcc -o conftest -g -O2   conftest.c -lz  -lnsl  >&5
configure:5425: $? = 0
configure:5434: result: yes
configure:5439: checking zlib.h usability
configure:5439: gcc -c -g -O2  conftest.c >&5
configure:5439: $? = 0
configure:5439: result: yes
configure:5439: checking zlib.h presence
configure:5439: gcc -E  conftest.c
configure:5439: $? = 0
configure:5439: result: yes
configure:5439: checking for zlib.h
configure:5439: result: yes
configure:5518: checking for sf_open in -lsndfile
configure:5543: gcc -o conftest -g -O2   conftest.c -lsndfile  -lnsl  >&5
configure:5543: $? = 0
configure:5552: result: yes
configure:5557: checking sndfile.h usability
configure:5557: gcc -c -g -O2  conftest.c >&5
configure:5557: $? = 0
configure:5557: result: yes
configure:5557: checking sndfile.h presence
configure:5557: gcc -E  conftest.c
configure:5557: $? = 0
configure:5557: result: yes
configure:5557: checking for sndfile.h
configure:5557: result: yes
configure:5796: creating ./config.status

## ---------------------- ##
## Running config.status. ##
## ---------------------- ##

This file was extended by config.status, which was
generated by GNU Autoconf 2.69.  Invocation command line was

  CONFIG_FILES    = 
  CONFIG_HEADERS  = 
  CONFIG_LINKS    = 
  CONFIG_COMMANDS = 
  $ ./config.status 

on raspberrypi

config.status:876: creating Makefile
config.status:876: creating libsent-config
config.status:876: creating libsent-config-dist
config.status:876: creating sent-4.pc
config.status:876: creating include/sent/config.h
config.status:1065: executing default-1 commands

## ---------------- ##
## Cache variables. ##
## ---------------- ##

ac_cv_build=armv7l-unknown-linux-gnueabi
ac_cv_c_bigendian=no
ac_cv_c_compiler_gnu=yes
ac_cv_c_const=yes
ac_cv_env_CC_set=
ac_cv_env_CC_value=
ac_cv_env_CFLAGS_set=
ac_cv_env_CFLAGS_value=
ac_cv_env_CPPFLAGS_set=
ac_cv_env_CPPFLAGS_value=
ac_cv_env_CPP_set=
ac_cv_env_CPP_value=
ac_cv_env_LDFLAGS_set=
ac_cv_env_LDFLAGS_value=
ac_cv_env_LIBS_set=
ac_cv_env_LIBS_value=
ac_cv_env_build_alias_set=
ac_cv_env_build_alias_value=
ac_cv_env_host_alias_set=
ac_cv_env_host_alias_value=
ac_cv_env_target_alias_set=
ac_cv_env_target_alias_value=
ac_cv_func_connect=yes
ac_cv_func_gethostbyname=no
ac_cv_func_sleep=yes
ac_cv_func_strcasecmp=yes
ac_cv_header_alsa_asoundlib_h=yes
ac_cv_header_esd_h=yes
ac_cv_header_inttypes_h=yes
ac_cv_header_memory_h=yes
ac_cv_header_sndfile_h=yes
ac_cv_header_stdc=yes
ac_cv_header_stdint_h=yes
ac_cv_header_stdlib_h=yes
ac_cv_header_string_h=yes
ac_cv_header_strings_h=yes
ac_cv_header_sys_soundcard_h=yes
ac_cv_header_sys_stat_h=yes
ac_cv_header_sys_types_h=yes
ac_cv_header_unistd_h=yes
ac_cv_header_zlib_h=yes
ac_cv_host=armv7l-unknown-linux-gnueabi
ac_cv_lib_nsl_gethostbyname=yes
ac_cv_lib_pulse_simple_pa_simple_new=no
ac_cv_lib_sndfile_sf_open=yes
ac_cv_lib_z_deflate=yes
ac_cv_objext=o
ac_cv_path_AR=/usr/bin/ar
ac_cv_path_EGREP='/bin/grep -E'
ac_cv_path_GREP=/bin/grep
ac_cv_path_RM=/bin/rm
ac_cv_path_install='/usr/bin/install -c'
ac_cv_prog_CPP='gcc -E'
ac_cv_prog_ac_ct_CC=gcc
ac_cv_prog_ac_ct_RANLIB=ranlib
ac_cv_prog_cc_c89=
ac_cv_prog_cc_g=yes

## ----------------- ##
## Output variables. ##
## ----------------- ##

AR='/usr/bin/ar'
CC='gcc'
CFLAGS='-g -O2'
CPP='gcc -E'
CPPFLAGS=''
DEFS='-DHAVE_CONFIG_H'
ECHO_C=''
ECHO_N='-n'
ECHO_T=''
EGREP='/bin/grep -E'
EXEEXT=''
EXTRALIB=' -lz -lsndfile'
EXTRAOBJ='  src/adin/adin_mic_linux.o src/adin/adin_mic_linux_alsa.o'
GREP='/bin/grep'
GZIP=''
INSTALL_DATA='${INSTALL} -m 644'
INSTALL_PROGRAM='${INSTALL}'
INSTALL_SCRIPT='${INSTALL}'
LDFLAGS=''
LIBOBJS=''
LIBS='-lnsl '
LIBSENT_MAJOR_VERSION='4'
LIBSENT_MINOR_VERSION='4.2.1'
LIBSENT_VERSION='4.4.2.1'
LTLIBOBJS=''
OBJEXT='o'
PACKAGE_BUGREPORT=''
PACKAGE_NAME=''
PACKAGE_STRING=''
PACKAGE_TARNAME=''
PACKAGE_URL=''
PACKAGE_VERSION=''
PATH_SEPARATOR=':'
RANLIB='ranlib'
RM='/bin/rm'
SHELL='/bin/bash'
SIMD_AVX_CFLAGS=''
SIMD_FMA_CFLAGS=''
SIMD_NEONV2_CFLAGS=''
SIMD_NEON_CFLAGS=''
SIMD_SSE_CFLAGS=''
SOUNDINC=''
SOUNDLIB=' -lasound'
ac_ct_CC='gcc'
adinlist=' alsa'
aldesc='Advanced Linux Sound Architecture'
altype='alsa'
bindir='${exec_prefix}/bin'
build='armv7l-unknown-linux-gnueabi'
build_alias=''
build_cpu='armv7l'
build_os='linux-gnueabi'
build_vendor='unknown'
datadir='${datarootdir}'
datarootdir='${prefix}/share'
docdir='${datarootdir}/doc/${PACKAGE}'
dvidir='${docdir}'
exec_prefix='${prefix}'
gzdesc='zlib library'
host='armv7l-unknown-linux-gnueabi'
host_alias=''
host_cpu='armv7l'
host_os='linux-gnueabi'
host_vendor='unknown'
htmldir='${docdir}'
includedir='${prefix}/include'
infodir='${datarootdir}/info'
libdir='${exec_prefix}/lib'
libexecdir='${exec_prefix}/libexec'
localedir='${datarootdir}/locale'
localstatedir='${prefix}/var'
mandir='${datarootdir}/man'
oldincludedir='/usr/include'
pdfdir='${docdir}'
prefix='/usr/local'
program_transform_name='s,x,x,'
psdir='${docdir}'
runstatedir='${localstatedir}/run'
sbindir='${exec_prefix}/sbin'
sharedstatedir='${prefix}/com'
sysconfdir='${prefix}/etc'
target_alias=''
use_class_ngram='yes'
use_fork='no'
use_netaudio='no'
use_pthread=''
wavefile_support='various formats by libsndfile ver.1'

## ----------- ##
## confdefs.h. ##
## ----------- ##

/* confdefs.h */
#define PACKAGE_NAME ""
#define PACKAGE_TARNAME ""
#define PACKAGE_VERSION ""
#define PACKAGE_STRING ""
#define PACKAGE_BUGREPORT ""
#define PACKAGE_URL ""
#define USE_ADDLOG_ARRAY 1
#define CLASS_NGRAM 1
#define MFCC_SINCOS_TABLE 1
#define USE_MBR 1
#define STDC_HEADERS 1
#define HAVE_SYS_TYPES_H 1
#define HAVE_SYS_STAT_H 1
#define HAVE_STDLIB_H 1
#define HAVE_STRING_H 1
#define HAVE_MEMORY_H 1
#define HAVE_STRINGS_H 1
#define HAVE_INTTYPES_H 1
#define HAVE_STDINT_H 1
#define HAVE_UNISTD_H 1
#define HAVE_UNISTD_H 1
#define HAVE_SOCKLEN_T 1
#define HAVE_LIBNSL 1
#define HAVE_STRCASECMP 1
#define HAVE_SLEEP 1
#define HAVE_ALSA_ASOUNDLIB_H 1
#define HAVE_SYS_SOUNDCARD_H 1
#define HAVE_ESD_H 1
#define USE_MIC 1
#define HAS_ALSA 1
#define HAVE_ZLIB_H 1
#define HAVE_ZLIB 1
#define HAVE_SNDFILE_H 1
#define HAVE_LIBSNDFILE 1
#define HAVE_LIBSNDFILE_VER1 1
#define LIBSENT_VERSION "4.4.2.1"
#define AUDIO_API_NAME "alsa"
#define AUDIO_API_DESC "Advanced Linux Sound Architecture"
#define AUDIO_FORMAT_DESC "various formats by libsndfile ver.1"
#define GZIP_READING_DESC "zlib library"

configure: exit 0
